<?xml version="1.0" encoding="UTF-8"?>
<testng-results ignored="0" total="1" passed="1" failed="0" skipped="0">
  <reporter-output>
  </reporter-output>
  <suite started-at="2023-05-12T21:07:36 SAST" name="Default suite" finished-at="2023-05-12T21:07:41 SAST" duration-ms="4253">
    <groups>
    </groups>
    <test started-at="2023-05-12T21:07:36 SAST" name="Default test" finished-at="2023-05-12T21:07:41 SAST" duration-ms="4253">
      <class name="tests.TestOne">
        <test-method signature="getListUsers()[pri:0, instance:tests.TestOne@647e447]" started-at="2023-05-12T21:07:36 SAST" name="getListUsers" finished-at="2023-05-12T21:07:40 SAST" duration-ms="4180" status="PASS">
          <reporter-output>
          </reporter-output>
        </test-method> <!-- getListUsers -->
      </class> <!-- tests.TestOne -->
    </test> <!-- Default test -->
  </suite> <!-- Default suite -->
</testng-results>
